<?xml version="1.0" encoding="UTF-8"?>
<coverage generated="1657472502941" clover="3.2.0">
  <project timestamp="1657472502941" name="All files">
    <metrics statements="12" coveredstatements="5" conditionals="4" coveredconditionals="1" methods="2" coveredmethods="1" elements="18" coveredelements="7" complexity="0" loc="12" ncloc="12" packages="1" files="1" classes="1"/>
    <file name="Input.tsx" path="C:\Users\t7902\Documents\GitHub\outsiderReactComponent\src\stories\Input.tsx">
      <metrics statements="12" coveredstatements="5" conditionals="4" coveredconditionals="1" methods="2" coveredmethods="1"/>
      <line num="1" count="1" type="stmt"/>
      <line num="14" count="1" type="stmt"/>
      <line num="15" count="1" type="stmt"/>
      <line num="34" count="0" type="stmt"/>
      <line num="35" count="0" type="cond" truecount="0" falsecount="2"/>
      <line num="37" count="0" type="stmt"/>
      <line num="38" count="0" type="stmt"/>
      <line num="41" count="0" type="stmt"/>
      <line num="42" count="0" type="stmt"/>
      <line num="44" count="0" type="stmt"/>
      <line num="50" count="1" type="stmt"/>
      <line num="52" count="1" type="stmt"/>
    </file>
  </project>
</coverage>
