{"C:\\Users\\t7902\\Documents\\GitHub\\outsiderReactComponent\\src\\stories\\Input.tsx": {"path":"C:\\Users\\t7902\\Documents\\GitHub\\outsiderReactComponent\\src\\stories\\Input.tsx","statementMap":{"0":{"start":{"line":1,"column":0},"end":{"line":1,"column":26}},"1":{"start":{"line":13,"column":31},"end":{"line":46,"column":1}},"2":{"start":{"line":14,"column":2},"end":{"line":45,"column":4}},"3":{"start":{"line":31,"column":23},"end":{"line":31,"column":32}},"4":{"start":{"line":32,"column":10},"end":{"line":40,"column":null}},"5":{"start":{"line":34,"column":14},"end":{"line":34,"column":46}},"6":{"start":{"line":35,"column":14},"end":{"line":35,"column":20}},"7":{"start":{"line":38,"column":14},"end":{"line":38,"column":38}},"8":{"start":{"line":39,"column":14},"end":{"line":39,"column":20}},"9":{"start":{"line":41,"column":10},"end":{"line":41,"column":33}},"10":{"start":{"line":47,"column":0},"end":{"line":47,"column":40}},"11":{"start":{"line":49,"column":0},"end":{"line":49,"column":21}}},"fnMap":{"0":{"name":"(anonymous_1)","decl":{"start":{"line":13,"column":31},"end":{"line":13,"column":32}},"loc":{"start":{"line":13,"column":44},"end":{"line":46,"column":1}}},"1":{"name":"(anonymous_2)","decl":{"start":{"line":30,"column":18},"end":{"line":30,"column":19}},"loc":{"start":{"line":30,"column":20},"end":{"line":42,"column":9}}}},"branchMap":{"0":{"loc":{"start":{"line":16,"column":7},"end":{"line":16,"column":78}},"type":"binary-expr","locations":[{"start":{"line":16,"column":7},"end":{"line":16,"column":31}},{"start":{"line":16,"column":35},"end":{"line":16,"column":78}}]},"1":{"loc":{"start":{"line":32,"column":10},"end":{"line":40,"column":null}},"type":"switch","locations":[{"start":{"line":33,"column":12},"end":{"line":35,"column":20}},{"start":{"line":37,"column":12},"end":{"line":39,"column":20}}]}},"s":{"0":1,"1":1,"2":1,"3":0,"4":0,"5":0,"6":0,"7":0,"8":0,"9":0,"10":1,"11":1},"f":{"0":1,"1":0},"b":{"0":[1,0],"1":[0,0]}}
}
