{"C:\\Users\\t7902\\Documents\\GitHub\\collectProject\\outsiderReactComponent\\src\\components\\Button\\index.tsx": {"path":"C:\\Users\\t7902\\Documents\\GitHub\\collectProject\\outsiderReactComponent\\src\\components\\Button\\index.tsx","statementMap":{"0":{"start":{"line":1,"column":0},"end":{"line":1,"column":26}},"1":{"start":{"line":10,"column":32},"end":{"line":28,"column":1}},"2":{"start":{"line":11,"column":21},"end":{"line":12,"column":55}},"3":{"start":{"line":13,"column":20},"end":{"line":14,"column":51}},"4":{"start":{"line":15,"column":2},"end":{"line":27,"column":4}},"5":{"start":{"line":29,"column":0},"end":{"line":29,"column":56}},"6":{"start":{"line":30,"column":0},"end":{"line":30,"column":22}}},"fnMap":{"0":{"name":"(anonymous_1)","decl":{"start":{"line":10,"column":32},"end":{"line":10,"column":33}},"loc":{"start":{"line":10,"column":42},"end":{"line":28,"column":1}}}},"branchMap":{"0":{"loc":{"start":{"line":21,"column":6},"end":{"line":21,"column":null}},"type":"cond-expr","locations":[{"start":{"line":21,"column":24},"end":{"line":21,"column":38}},{"start":{"line":21,"column":41},"end":{"line":21,"column":null}}]},"1":{"loc":{"start":{"line":22,"column":8},"end":{"line":22,"column":46}},"type":"cond-expr","locations":[{"start":{"line":22,"column":24},"end":{"line":22,"column":34}},{"start":{"line":22,"column":37},"end":{"line":22,"column":46}}]}},"s":{"0":1,"1":1,"2":1,"3":1,"4":1,"5":1,"6":1},"f":{"0":1},"b":{"0":[0,1],"1":[1,0]}}
,"C:\\Users\\t7902\\Documents\\GitHub\\collectProject\\outsiderReactComponent\\src\\components\\Input\\index.tsx": {"path":"C:\\Users\\t7902\\Documents\\GitHub\\collectProject\\outsiderReactComponent\\src\\components\\Input\\index.tsx","statementMap":{"0":{"start":{"line":1,"column":0},"end":{"line":1,"column":31}},"1":{"start":{"line":12,"column":31},"end":{"line":47,"column":1}},"2":{"start":{"line":13,"column":2},"end":{"line":46,"column":4}},"3":{"start":{"line":32,"column":23},"end":{"line":32,"column":32}},"4":{"start":{"line":33,"column":10},"end":{"line":41,"column":null}},"5":{"start":{"line":35,"column":14},"end":{"line":35,"column":46}},"6":{"start":{"line":36,"column":14},"end":{"line":36,"column":20}},"7":{"start":{"line":39,"column":14},"end":{"line":39,"column":38}},"8":{"start":{"line":40,"column":14},"end":{"line":40,"column":20}},"9":{"start":{"line":42,"column":10},"end":{"line":42,"column":33}},"10":{"start":{"line":48,"column":0},"end":{"line":48,"column":40}},"11":{"start":{"line":50,"column":0},"end":{"line":50,"column":21}}},"fnMap":{"0":{"name":"(anonymous_6)","decl":{"start":{"line":12,"column":31},"end":{"line":12,"column":32}},"loc":{"start":{"line":12,"column":48},"end":{"line":47,"column":1}}},"1":{"name":"(anonymous_7)","decl":{"start":{"line":31,"column":18},"end":{"line":31,"column":19}},"loc":{"start":{"line":31,"column":24},"end":{"line":43,"column":9}}}},"branchMap":{"0":{"loc":{"start":{"line":15,"column":7},"end":{"line":15,"column":78}},"type":"binary-expr","locations":[{"start":{"line":15,"column":7},"end":{"line":15,"column":31}},{"start":{"line":15,"column":35},"end":{"line":15,"column":78}}]},"1":{"loc":{"start":{"line":33,"column":10},"end":{"line":41,"column":null}},"type":"switch","locations":[{"start":{"line":34,"column":12},"end":{"line":36,"column":20}},{"start":{"line":38,"column":12},"end":{"line":40,"column":20}}]}},"s":{"0":1,"1":1,"2":1,"3":0,"4":0,"5":0,"6":0,"7":0,"8":0,"9":0,"10":1,"11":1},"f":{"0":1,"1":0},"b":{"0":[1,0],"1":[0,0]}}
}
