TN:
SF:src\components\Button\index.tsx
FN:10,(anonymous_1)
FNF:1
FNH:1
FNDA:1,(anonymous_1)
DA:1,1
DA:10,1
DA:11,1
DA:13,1
DA:15,1
DA:29,1
DA:30,1
LF:7
LH:7
BRDA:21,0,0,0
BRDA:21,0,1,1
BRDA:22,1,0,1
BRDA:22,1,1,0
BRF:4
BRH:2
end_of_record
TN:
SF:src\components\Input\index.tsx
FN:12,(anonymous_6)
FN:31,(anonymous_7)
FNF:2
FNH:1
FNDA:1,(anonymous_6)
FNDA:0,(anonymous_7)
DA:1,1
DA:12,1
DA:13,1
DA:32,0
DA:33,0
DA:35,0
DA:36,0
DA:39,0
DA:40,0
DA:42,0
DA:48,1
DA:50,1
LF:12
LH:5
BRDA:15,0,0,1
BRDA:15,0,1,0
BRDA:33,1,0,0
BRDA:33,1,1,0
BRF:4
BRH:1
end_of_record
