TN:
SF:src\components\Button\index.tsx
FN:11,(anonymous_1)
FNF:1
FNH:1
FNDA:1,(anonymous_1)
DA:1,1
DA:11,1
DA:12,1
DA:13,1
DA:14,1
DA:15,1
DA:16,1
DA:18,1
DA:20,1
DA:22,1
DA:36,1
DA:37,1
LF:12
LH:12
BRDA:28,0,0,0
BRDA:28,0,1,1
BRDA:29,1,0,1
BRDA:29,1,1,0
BRF:4
BRH:2
end_of_record
TN:
SF:src\components\Input\index.tsx
FN:14,(anonymous_1)
FN:33,(anonymous_2)
FNF:2
FNH:1
FNDA:1,(anonymous_1)
FNDA:0,(anonymous_2)
DA:1,1
DA:14,1
DA:15,1
DA:34,0
DA:35,0
DA:37,0
DA:38,0
DA:41,0
DA:42,0
DA:44,0
DA:50,1
DA:52,1
LF:12
LH:5
BRDA:17,0,0,1
BRDA:17,0,1,0
BRDA:35,1,0,0
BRDA:35,1,1,0
BRF:4
BRH:1
end_of_record
